2026-05-17T00:00:23.214Z  INFO 1198460 --- [SB] [File Watcher] rtingClassPathChangeChangedEventListener : Restarting due to 48 class path changes (0 additions, 0 deletions, 48 modifications)
2026-05-17T00:00:23.258Z  INFO 1198460 --- [SB] [Thread-16] o.s.b.w.e.tomcat.GracefulShutdown        : Commencing graceful shutdown. Waiting for active requests to complete
2026-05-17T00:00:23.265Z  INFO 1198460 --- [SB] [tomcat-shutdown] o.s.b.w.e.tomcat.GracefulShutdown        : Graceful shutdown complete
2026-05-17T00:00:23.270Z  INFO 1198460 --- [SB] [Thread-16] j.LocalContainerEntityManagerFactoryBean : Closing JPA EntityManagerFactory for persistence unit 'default'
2026-05-17T00:00:23.276Z  WARN 1198460 --- [SB] [Thread-16] o.s.b.f.support.DisposableBeanAdapter    : Invocation of destroy method failed on bean with name 'inMemoryDatabaseShutdownExecutor': org.h2.jdbc.JdbcSQLNonTransientConnectionException: Database is already closed (to disable automatic closing at VM shutdown, add ";DB_CLOSE_ON_EXIT=FALSE" to the db URL) [90121-232]
2026-05-17T00:00:23.277Z  INFO 1198460 --- [SB] [Thread-16] com.zaxxer.hikari.HikariDataSource       : HikariPool-5 - Shutdown initiated...
2026-05-17T00:00:23.278Z  INFO 1198460 --- [SB] [Thread-16] com.zaxxer.hikari.HikariDataSource       : HikariPool-5 - Shutdown completed.
2026-05-17T00:00:23.470Z  INFO 1198460 --- [SB] [restartedMain] dev.mr3.sb.SbApplication                 : Starting SbApplication using Java 21.0.10 with PID 1198460 (/app/target/classes started by jules in /app)
2026-05-17T00:00:23.471Z  INFO 1198460 --- [SB] [restartedMain] dev.mr3.sb.SbApplication                 : The following 1 profile is active: "dev"
2026-05-17T00:00:23.763Z  INFO 1198460 --- [SB] [restartedMain] .s.d.r.c.RepositoryConfigurationDelegate : Bootstrapping Spring Data JPA repositories in DEFAULT mode.
2026-05-17T00:00:23.779Z  INFO 1198460 --- [SB] [restartedMain] .s.d.r.c.RepositoryConfigurationDelegate : Finished Spring Data repository scanning in 14 ms. Found 6 JPA repository interfaces.
2026-05-17T00:00:23.889Z  INFO 1198460 --- [SB] [restartedMain] o.s.b.w.embedded.tomcat.TomcatWebServer  : Tomcat initialized with port 8080 (http)
2026-05-17T00:00:23.890Z  INFO 1198460 --- [SB] [restartedMain] o.apache.catalina.core.StandardService   : Starting service [Tomcat]
2026-05-17T00:00:23.890Z  INFO 1198460 --- [SB] [restartedMain] o.apache.catalina.core.StandardEngine    : Starting Servlet engine: [Apache Tomcat/10.1.53]
2026-05-17T00:00:23.900Z  INFO 1198460 --- [SB] [restartedMain] o.a.c.c.C.[Tomcat-1].[localhost].[/]     : Initializing Spring embedded WebApplicationContext
2026-05-17T00:00:23.901Z  INFO 1198460 --- [SB] [restartedMain] w.s.c.ServletWebServerApplicationContext : Root WebApplicationContext: initialization completed in 426 ms
2026-05-17T00:00:23.977Z  INFO 1198460 --- [SB] [restartedMain] o.hibernate.jpa.internal.util.LogHelper  : HHH000204: Processing PersistenceUnitInfo [name: default]
2026-05-17T00:00:23.979Z  INFO 1198460 --- [SB] [restartedMain] o.h.c.internal.RegionFactoryInitiator    : HHH000026: Second-level cache disabled
2026-05-17T00:00:23.992Z  INFO 1198460 --- [SB] [restartedMain] o.s.o.j.p.SpringPersistenceUnitInfo      : No LoadTimeWeaver setup: ignoring JPA class transformer
2026-05-17T00:00:23.993Z  INFO 1198460 --- [SB] [restartedMain] com.zaxxer.hikari.HikariDataSource       : HikariPool-6 - Starting...
2026-05-17T00:00:24.000Z  INFO 1198460 --- [SB] [restartedMain] com.zaxxer.hikari.pool.HikariPool        : HikariPool-6 - Added connection conn50: url=jdbc:h2:mem:devdb user=SA
2026-05-17T00:00:24.000Z  INFO 1198460 --- [SB] [restartedMain] com.zaxxer.hikari.HikariDataSource       : HikariPool-6 - Start completed.
2026-05-17T00:00:24.003Z  WARN 1198460 --- [SB] [restartedMain] org.hibernate.orm.deprecation            : HHH90000025: H2Dialect does not need to be specified explicitly using 'hibernate.dialect' (remove the property setting and it will be selected by default)
2026-05-17T00:00:24.003Z  INFO 1198460 --- [SB] [restartedMain] org.hibernate.orm.connections.pooling    : HHH10001005: Database info:
	Database JDBC URL [Connecting through datasource 'HikariDataSource (HikariPool-6)']
	Database driver: undefined/unknown
	Database version: 2.3.232
	Autocommit mode: undefined/unknown
	Isolation level: undefined/unknown
	Minimum pool size: undefined/unknown
	Maximum pool size: undefined/unknown
2026-05-17T00:00:24.311Z  INFO 1198460 --- [SB] [restartedMain] o.h.e.t.j.p.i.JtaPlatformInitiator       : HHH000489: No JTA platform available (set 'hibernate.transaction.jta.platform' to enable JTA platform integration)
2026-05-17T00:00:24.336Z  INFO 1198460 --- [SB] [restartedMain] j.LocalContainerEntityManagerFactoryBean : Initialized JPA EntityManagerFactory for persistence unit 'default'
2026-05-17T00:00:24.605Z  INFO 1198460 --- [SB] [restartedMain] o.s.b.a.w.s.WelcomePageHandlerMapping    : Adding welcome page template: index
2026-05-17T00:00:24.708Z  INFO 1198460 --- [SB] [restartedMain] o.s.b.a.e.web.EndpointLinksResolver      : Exposing 1 endpoint beneath base path '/actuator'
2026-05-17T00:00:24.724Z  WARN 1198460 --- [SB] [restartedMain] .s.s.UserDetailsServiceAutoConfiguration :

Using generated security password: aef97075-2ae8-4e3f-91a3-652f77f19d02

This generated password is for development use only. Your security configuration must be updated before running your application in production.

2026-05-17T00:00:24.725Z  INFO 1198460 --- [SB] [restartedMain] r$InitializeUserDetailsManagerConfigurer : Global AuthenticationManager configured with UserDetailsService bean with name inMemoryUserDetailsManager
2026-05-17T00:00:24.829Z  INFO 1198460 --- [SB] [restartedMain] o.s.b.a.h2.H2ConsoleAutoConfiguration    : H2 console available at '/h2-console'. Database available at 'jdbc:h2:mem:devdb'
2026-05-17T00:00:24.849Z  INFO 1198460 --- [SB] [restartedMain] o.s.b.d.a.OptionalLiveReloadServer       : LiveReload server is running on port 35729
2026-05-17T00:00:24.893Z  INFO 1198460 --- [SB] [restartedMain] o.s.b.w.embedded.tomcat.TomcatWebServer  : Tomcat started on port 8080 (http) with context path '/'
2026-05-17T00:00:24.907Z  INFO 1198460 --- [SB] [restartedMain] dev.mr3.sb.SbApplication                 : Started SbApplication in 1.484 seconds (process running for 932.328)
2026-05-17T00:00:24.910Z  INFO 1198460 --- [SB] [restartedMain] .ConditionEvaluationDeltaLoggingListener : Condition evaluation unchanged
2026-05-17T00:01:54.426Z  INFO 1198460 --- [SB] [File Watcher] rtingClassPathChangeChangedEventListener : Restarting due to 48 class path changes (0 additions, 33 deletions, 15 modifications)
2026-05-17T00:01:54.428Z  INFO 1198460 --- [SB] [Thread-23] o.s.b.w.e.tomcat.GracefulShutdown        : Commencing graceful shutdown. Waiting for active requests to complete
2026-05-17T00:01:54.437Z  INFO 1198460 --- [SB] [tomcat-shutdown] o.s.b.w.e.tomcat.GracefulShutdown        : Graceful shutdown complete
2026-05-17T00:01:54.449Z  INFO 1198460 --- [SB] [Thread-23] j.LocalContainerEntityManagerFactoryBean : Closing JPA EntityManagerFactory for persistence unit 'default'
2026-05-17T00:01:54.451Z  WARN 1198460 --- [SB] [Thread-23] o.s.b.f.support.DisposableBeanAdapter    : Invocation of destroy method failed on bean with name 'inMemoryDatabaseShutdownExecutor': org.h2.jdbc.JdbcSQLNonTransientConnectionException: Database is already closed (to disable automatic closing at VM shutdown, add ";DB_CLOSE_ON_EXIT=FALSE" to the db URL) [90121-232]
2026-05-17T00:01:54.452Z  INFO 1198460 --- [SB] [Thread-23] com.zaxxer.hikari.HikariDataSource       : HikariPool-6 - Shutdown initiated...
2026-05-17T00:01:54.456Z  INFO 1198460 --- [SB] [Thread-23] com.zaxxer.hikari.HikariDataSource       : HikariPool-6 - Shutdown completed.
2026-05-17T00:01:54.747Z  INFO 1198460 --- [SB] [restartedMain] dev.mr3.sb.SbApplication                 : Starting SbApplication using Java 21.0.10 with PID 1198460 (/app/target/classes started by jules in /app)
2026-05-17T00:01:54.748Z  INFO 1198460 --- [SB] [restartedMain] dev.mr3.sb.SbApplication                 : The following 1 profile is active: "dev"
2026-05-17T00:01:55.026Z  INFO 1198460 --- [SB] [restartedMain] .s.d.r.c.RepositoryConfigurationDelegate : Bootstrapping Spring Data JPA repositories in DEFAULT mode.
2026-05-17T00:01:55.028Z  INFO 1198460 --- [SB] [restartedMain] .s.d.r.c.RepositoryConfigurationDelegate : Finished Spring Data repository scanning in 1 ms. Found 0 JPA repository interfaces.
2026-05-17T00:01:55.150Z  INFO 1198460 --- [SB] [restartedMain] o.s.b.w.embedded.tomcat.TomcatWebServer  : Tomcat initialized with port 8080 (http)
2026-05-17T00:01:55.152Z  INFO 1198460 --- [SB] [restartedMain] o.apache.catalina.core.StandardService   : Starting service [Tomcat]
2026-05-17T00:01:55.153Z  INFO 1198460 --- [SB] [restartedMain] o.apache.catalina.core.StandardEngine    : Starting Servlet engine: [Apache Tomcat/10.1.53]
2026-05-17T00:01:55.166Z  INFO 1198460 --- [SB] [restartedMain] o.a.c.c.C.[Tomcat-1].[localhost].[/]     : Initializing Spring embedded WebApplicationContext
2026-05-17T00:01:55.166Z  INFO 1198460 --- [SB] [restartedMain] w.s.c.ServletWebServerApplicationContext : Root WebApplicationContext: initialization completed in 415 ms
2026-05-17T00:01:55.266Z  INFO 1198460 --- [SB] [restartedMain] o.hibernate.jpa.internal.util.LogHelper  : HHH000204: Processing PersistenceUnitInfo [name: default]
2026-05-17T00:01:55.268Z  INFO 1198460 --- [SB] [restartedMain] o.h.c.internal.RegionFactoryInitiator    : HHH000026: Second-level cache disabled
2026-05-17T00:01:55.282Z  INFO 1198460 --- [SB] [restartedMain] o.s.o.j.p.SpringPersistenceUnitInfo      : No LoadTimeWeaver setup: ignoring JPA class transformer
2026-05-17T00:01:55.282Z  INFO 1198460 --- [SB] [restartedMain] com.zaxxer.hikari.HikariDataSource       : HikariPool-7 - Starting...
2026-05-17T00:01:55.295Z  INFO 1198460 --- [SB] [restartedMain] com.zaxxer.hikari.pool.HikariPool        : HikariPool-7 - Added connection conn60: url=jdbc:h2:mem:devdb user=SA
2026-05-17T00:01:55.296Z  INFO 1198460 --- [SB] [restartedMain] com.zaxxer.hikari.HikariDataSource       : HikariPool-7 - Start completed.
2026-05-17T00:01:55.296Z  WARN 1198460 --- [SB] [restartedMain] org.hibernate.orm.deprecation            : HHH90000025: H2Dialect does not need to be specified explicitly using 'hibernate.dialect' (remove the property setting and it will be selected by default)
2026-05-17T00:01:55.297Z  INFO 1198460 --- [SB] [restartedMain] org.hibernate.orm.connections.pooling    : HHH10001005: Database info:
	Database JDBC URL [Connecting through datasource 'HikariDataSource (HikariPool-7)']
	Database driver: undefined/unknown
	Database version: 2.3.232
	Autocommit mode: undefined/unknown
	Isolation level: undefined/unknown
	Minimum pool size: undefined/unknown
	Maximum pool size: undefined/unknown
2026-05-17T00:01:55.326Z  INFO 1198460 --- [SB] [restartedMain] o.h.e.t.j.p.i.JtaPlatformInitiator       : HHH000489: No JTA platform available (set 'hibernate.transaction.jta.platform' to enable JTA platform integration)
2026-05-17T00:01:55.327Z  INFO 1198460 --- [SB] [restartedMain] j.LocalContainerEntityManagerFactoryBean : Initialized JPA EntityManagerFactory for persistence unit 'default'
2026-05-17T00:01:55.367Z  INFO 1198460 --- [SB] [restartedMain] o.s.b.a.w.s.WelcomePageHandlerMapping    : Adding welcome page template: index
2026-05-17T00:01:55.696Z  WARN 1198460 --- [SB] [restartedMain] .s.s.UserDetailsServiceAutoConfiguration :

Using generated security password: d2cdacc4-fd9d-4aec-9c85-685206754971

This generated password is for development use only. Your security configuration must be updated before running your application in production.

2026-05-17T00:01:55.712Z  INFO 1198460 --- [SB] [restartedMain] r$InitializeUserDetailsManagerConfigurer : Global AuthenticationManager configured with UserDetailsService bean with name inMemoryUserDetailsManager
2026-05-17T00:01:55.811Z  INFO 1198460 --- [SB] [restartedMain] o.s.b.a.e.web.EndpointLinksResolver      : Exposing 1 endpoint beneath base path '/actuator'
2026-05-17T00:01:55.888Z  INFO 1198460 --- [SB] [restartedMain] o.s.b.a.h2.H2ConsoleAutoConfiguration    : H2 console available at '/h2-console'. Database available at 'jdbc:h2:mem:devdb'
2026-05-17T00:01:55.914Z  INFO 1198460 --- [SB] [restartedMain] o.s.b.d.a.OptionalLiveReloadServer       : LiveReload server is running on port 35729
2026-05-17T00:01:55.938Z  INFO 1198460 --- [SB] [restartedMain] o.s.b.w.embedded.tomcat.TomcatWebServer  : Tomcat started on port 8080 (http) with context path '/'
2026-05-17T00:01:55.946Z  INFO 1198460 --- [SB] [restartedMain] dev.mr3.sb.SbApplication                 : Started SbApplication in 1.257 seconds (process running for 1023.368)
2026-05-17T00:01:55.953Z  INFO 1198460 --- [SB] [restartedMain] .ConditionEvaluationDeltaLoggingListener : Condition evaluation delta:


==========================
CONDITION EVALUATION DELTA
==========================


Positive matches:
-----------------

   ManagementWebSecurityAutoConfiguration matched:
      - found 'session' scope (OnWebApplicationCondition)
      - AllNestedConditions 2 matched 0 did not; NestedCondition on DefaultWebSecurityCondition.Beans @ConditionalOnMissingBean (types: org.springframework.security.web.SecurityFilterChain; SearchStrategy: all) did not find any beans; NestedCondition on DefaultWebSecurityCondition.Classes @ConditionalOnClass found required classes 'org.springframework.security.web.SecurityFilterChain', 'org.springframework.security.config.annotation.web.builders.HttpSecurity' (DefaultWebSecurityCondition)

   SpringBootWebSecurityConfiguration.WebSecurityEnablerConfiguration matched:
      - @ConditionalOnClass found required class 'org.springframework.security.config.annotation.web.configuration.EnableWebSecurity' (OnClassCondition)
      - @ConditionalOnMissingBean (names: springSecurityFilterChain; SearchStrategy: all) did not find any beans (OnBeanCondition)


Negative matches:
-----------------

    None


Exclusions:
-----------

    None


Unconditional classes:
----------------------

    None



2026-05-17T00:01:57.321Z  INFO 1198460 --- [SB] [File Watcher] rtingClassPathChangeChangedEventListener : Restarting due to 33 class path changes (33 additions, 0 deletions, 0 modifications)
2026-05-17T00:01:57.323Z  INFO 1198460 --- [SB] [Thread-27] o.s.b.w.e.tomcat.GracefulShutdown        : Commencing graceful shutdown. Waiting for active requests to complete
2026-05-17T00:01:57.326Z  INFO 1198460 --- [SB] [tomcat-shutdown] o.s.b.w.e.tomcat.GracefulShutdown        : Graceful shutdown complete
2026-05-17T00:01:57.330Z  INFO 1198460 --- [SB] [Thread-27] j.LocalContainerEntityManagerFactoryBean : Closing JPA EntityManagerFactory for persistence unit 'default'
2026-05-17T00:01:57.333Z  WARN 1198460 --- [SB] [Thread-27] o.s.b.f.support.DisposableBeanAdapter    : Invocation of destroy method failed on bean with name 'inMemoryDatabaseShutdownExecutor': org.h2.jdbc.JdbcSQLNonTransientConnectionException: Database is already closed (to disable automatic closing at VM shutdown, add ";DB_CLOSE_ON_EXIT=FALSE" to the db URL) [90121-232]
2026-05-17T00:01:57.333Z  INFO 1198460 --- [SB] [Thread-27] com.zaxxer.hikari.HikariDataSource       : HikariPool-7 - Shutdown initiated...
2026-05-17T00:01:57.335Z  INFO 1198460 --- [SB] [Thread-27] com.zaxxer.hikari.HikariDataSource       : HikariPool-7 - Shutdown completed.
2026-05-17T00:01:57.493Z  INFO 1198460 --- [SB] [restartedMain] dev.mr3.sb.SbApplication                 : Starting SbApplication using Java 21.0.10 with PID 1198460 (/app/target/classes started by jules in /app)
2026-05-17T00:01:57.494Z  INFO 1198460 --- [SB] [restartedMain] dev.mr3.sb.SbApplication                 : The following 1 profile is active: "dev"
2026-05-17T00:01:57.745Z  INFO 1198460 --- [SB] [restartedMain] .s.d.r.c.RepositoryConfigurationDelegate : Bootstrapping Spring Data JPA repositories in DEFAULT mode.
2026-05-17T00:01:57.761Z  INFO 1198460 --- [SB] [restartedMain] .s.d.r.c.RepositoryConfigurationDelegate : Finished Spring Data repository scanning in 15 ms. Found 6 JPA repository interfaces.
2026-05-17T00:01:57.884Z  INFO 1198460 --- [SB] [restartedMain] o.s.b.w.embedded.tomcat.TomcatWebServer  : Tomcat initialized with port 8080 (http)
2026-05-17T00:01:57.886Z  INFO 1198460 --- [SB] [restartedMain] o.apache.catalina.core.StandardService   : Starting service [Tomcat]
2026-05-17T00:01:57.886Z  INFO 1198460 --- [SB] [restartedMain] o.apache.catalina.core.StandardEngine    : Starting Servlet engine: [Apache Tomcat/10.1.53]
2026-05-17T00:01:57.895Z  INFO 1198460 --- [SB] [restartedMain] o.a.c.c.C.[Tomcat-1].[localhost].[/]     : Initializing Spring embedded WebApplicationContext
2026-05-17T00:01:57.896Z  INFO 1198460 --- [SB] [restartedMain] w.s.c.ServletWebServerApplicationContext : Root WebApplicationContext: initialization completed in 398 ms
2026-05-17T00:01:57.975Z  INFO 1198460 --- [SB] [restartedMain] o.hibernate.jpa.internal.util.LogHelper  : HHH000204: Processing PersistenceUnitInfo [name: default]
2026-05-17T00:01:57.978Z  INFO 1198460 --- [SB] [restartedMain] o.h.c.internal.RegionFactoryInitiator    : HHH000026: Second-level cache disabled
2026-05-17T00:01:57.987Z  INFO 1198460 --- [SB] [restartedMain] o.s.o.j.p.SpringPersistenceUnitInfo      : No LoadTimeWeaver setup: ignoring JPA class transformer
2026-05-17T00:01:57.988Z  INFO 1198460 --- [SB] [restartedMain] com.zaxxer.hikari.HikariDataSource       : HikariPool-8 - Starting...
2026-05-17T00:01:57.995Z  INFO 1198460 --- [SB] [restartedMain] com.zaxxer.hikari.pool.HikariPool        : HikariPool-8 - Added connection conn70: url=jdbc:h2:mem:devdb user=SA
2026-05-17T00:01:57.995Z  INFO 1198460 --- [SB] [restartedMain] com.zaxxer.hikari.HikariDataSource       : HikariPool-8 - Start completed.
2026-05-17T00:01:57.995Z  WARN 1198460 --- [SB] [restartedMain] org.hibernate.orm.deprecation            : HHH90000025: H2Dialect does not need to be specified explicitly using 'hibernate.dialect' (remove the property setting and it will be selected by default)
2026-05-17T00:01:57.996Z  INFO 1198460 --- [SB] [restartedMain] org.hibernate.orm.connections.pooling    : HHH10001005: Database info:
	Database JDBC URL [Connecting through datasource 'HikariDataSource (HikariPool-8)']
	Database driver: undefined/unknown
	Database version: 2.3.232
	Autocommit mode: undefined/unknown
	Isolation level: undefined/unknown
	Minimum pool size: undefined/unknown
	Maximum pool size: undefined/unknown
2026-05-17T00:01:58.316Z  INFO 1198460 --- [SB] [restartedMain] o.h.e.t.j.p.i.JtaPlatformInitiator       : HHH000489: No JTA platform available (set 'hibernate.transaction.jta.platform' to enable JTA platform integration)
2026-05-17T00:01:58.344Z  INFO 1198460 --- [SB] [restartedMain] j.LocalContainerEntityManagerFactoryBean : Initialized JPA EntityManagerFactory for persistence unit 'default'
2026-05-17T00:01:58.621Z  INFO 1198460 --- [SB] [restartedMain] o.s.b.a.w.s.WelcomePageHandlerMapping    : Adding welcome page template: index
2026-05-17T00:01:58.755Z  INFO 1198460 --- [SB] [restartedMain] o.s.b.a.e.web.EndpointLinksResolver      : Exposing 1 endpoint beneath base path '/actuator'
2026-05-17T00:01:58.770Z  WARN 1198460 --- [SB] [restartedMain] .s.s.UserDetailsServiceAutoConfiguration :

Using generated security password: bd2da286-6bb3-4993-9dc6-92a6120a71d0

This generated password is for development use only. Your security configuration must be updated before running your application in production.

2026-05-17T00:01:58.771Z  INFO 1198460 --- [SB] [restartedMain] r$InitializeUserDetailsManagerConfigurer : Global AuthenticationManager configured with UserDetailsService bean with name inMemoryUserDetailsManager
2026-05-17T00:01:58.879Z  INFO 1198460 --- [SB] [restartedMain] o.s.b.a.h2.H2ConsoleAutoConfiguration    : H2 console available at '/h2-console'. Database available at 'jdbc:h2:mem:devdb'
2026-05-17T00:01:58.887Z  INFO 1198460 --- [SB] [restartedMain] o.s.b.d.a.OptionalLiveReloadServer       : LiveReload server is running on port 35729
2026-05-17T00:01:58.924Z  INFO 1198460 --- [SB] [restartedMain] o.s.b.w.embedded.tomcat.TomcatWebServer  : Tomcat started on port 8080 (http) with context path '/'
2026-05-17T00:01:58.933Z  INFO 1198460 --- [SB] [restartedMain] dev.mr3.sb.SbApplication                 : Started SbApplication in 1.484 seconds (process running for 1026.354)
2026-05-17T00:01:58.936Z  INFO 1198460 --- [SB] [restartedMain] .ConditionEvaluationDeltaLoggingListener : Condition evaluation delta:


==========================
CONDITION EVALUATION DELTA
==========================


Positive matches:
-----------------

    None


Negative matches:
-----------------

   ManagementWebSecurityAutoConfiguration:
      Did not match:
         - AllNestedConditions 1 matched 1 did not; NestedCondition on DefaultWebSecurityCondition.Beans @ConditionalOnMissingBean (types: org.springframework.security.web.SecurityFilterChain; SearchStrategy: all) found beans of type 'org.springframework.security.web.SecurityFilterChain' securityFilterChain; NestedCondition on DefaultWebSecurityCondition.Classes @ConditionalOnClass found required classes 'org.springframework.security.web.SecurityFilterChain', 'org.springframework.security.config.annotation.web.builders.HttpSecurity' (DefaultWebSecurityCondition)
      Matched:
         - found 'session' scope (OnWebApplicationCondition)

   SpringBootWebSecurityConfiguration.WebSecurityEnablerConfiguration:
      Did not match:
         - @ConditionalOnMissingBean (names: springSecurityFilterChain; SearchStrategy: all) found beans named springSecurityFilterChain (OnBeanCondition)
      Matched:
         - @ConditionalOnClass found required class 'org.springframework.security.config.annotation.web.configuration.EnableWebSecurity' (OnClassCondition)


Exclusions:
-----------

    None


Unconditional classes:
----------------------

    None



2026-05-17T00:12:15.344Z  INFO 1198460 --- [SB] [File Watcher] rtingClassPathChangeChangedEventListener : Restarting due to 48 class path changes (0 additions, 33 deletions, 15 modifications)
2026-05-17T00:12:15.348Z  INFO 1198460 --- [SB] [Thread-31] o.s.b.w.e.tomcat.GracefulShutdown        : Commencing graceful shutdown. Waiting for active requests to complete
2026-05-17T00:12:15.373Z  INFO 1198460 --- [SB] [tomcat-shutdown] o.s.b.w.e.tomcat.GracefulShutdown        : Graceful shutdown complete
2026-05-17T00:12:15.380Z  INFO 1198460 --- [SB] [Thread-31] j.LocalContainerEntityManagerFactoryBean : Closing JPA EntityManagerFactory for persistence unit 'default'
2026-05-17T00:12:15.392Z  WARN 1198460 --- [SB] [Thread-31] o.s.b.f.support.DisposableBeanAdapter    : Invocation of destroy method failed on bean with name 'inMemoryDatabaseShutdownExecutor': org.h2.jdbc.JdbcSQLNonTransientConnectionException: Database is already closed (to disable automatic closing at VM shutdown, add ";DB_CLOSE_ON_EXIT=FALSE" to the db URL) [90121-232]
2026-05-17T00:12:15.393Z  INFO 1198460 --- [SB] [Thread-31] com.zaxxer.hikari.HikariDataSource       : HikariPool-8 - Shutdown initiated...
2026-05-17T00:12:15.394Z  INFO 1198460 --- [SB] [Thread-31] com.zaxxer.hikari.HikariDataSource       : HikariPool-8 - Shutdown completed.
2026-05-17T00:12:15.765Z  INFO 1198460 --- [SB] [restartedMain] dev.mr3.sb.SbApplication                 : Starting SbApplication using Java 21.0.10 with PID 1198460 (/app/target/classes started by jules in /app)
2026-05-17T00:12:15.766Z  INFO 1198460 --- [SB] [restartedMain] dev.mr3.sb.SbApplication                 : The following 1 profile is active: "dev"
2026-05-17T00:12:16.099Z  INFO 1198460 --- [SB] [restartedMain] .s.d.r.c.RepositoryConfigurationDelegate : Bootstrapping Spring Data JPA repositories in DEFAULT mode.
2026-05-17T00:12:16.116Z  INFO 1198460 --- [SB] [restartedMain] .s.d.r.c.RepositoryConfigurationDelegate : Finished Spring Data repository scanning in 15 ms. Found 3 JPA repository interfaces.
2026-05-17T00:12:16.271Z  INFO 1198460 --- [SB] [restartedMain] o.s.b.w.embedded.tomcat.TomcatWebServer  : Tomcat initialized with port 8080 (http)
2026-05-17T00:12:16.274Z  INFO 1198460 --- [SB] [restartedMain] o.apache.catalina.core.StandardService   : Starting service [Tomcat]
2026-05-17T00:12:16.274Z  INFO 1198460 --- [SB] [restartedMain] o.apache.catalina.core.StandardEngine    : Starting Servlet engine: [Apache Tomcat/10.1.53]
2026-05-17T00:12:16.287Z  INFO 1198460 --- [SB] [restartedMain] o.a.c.c.C.[Tomcat-1].[localhost].[/]     : Initializing Spring embedded WebApplicationContext
2026-05-17T00:12:16.287Z  INFO 1198460 --- [SB] [restartedMain] w.s.c.ServletWebServerApplicationContext : Root WebApplicationContext: initialization completed in 516 ms
2026-05-17T00:12:16.467Z  INFO 1198460 --- [SB] [restartedMain] o.hibernate.jpa.internal.util.LogHelper  : HHH000204: Processing PersistenceUnitInfo [name: default]
2026-05-17T00:12:16.474Z  INFO 1198460 --- [SB] [restartedMain] o.h.c.internal.RegionFactoryInitiator    : HHH000026: Second-level cache disabled
2026-05-17T00:12:16.492Z  INFO 1198460 --- [SB] [restartedMain] o.s.o.j.p.SpringPersistenceUnitInfo      : No LoadTimeWeaver setup: ignoring JPA class transformer
2026-05-17T00:12:16.497Z  INFO 1198460 --- [SB] [restartedMain] com.zaxxer.hikari.HikariDataSource       : HikariPool-9 - Starting...
2026-05-17T00:12:16.525Z  INFO 1198460 --- [SB] [restartedMain] com.zaxxer.hikari.pool.HikariPool        : HikariPool-9 - Added connection conn80: url=jdbc:h2:mem:devdb user=SA
2026-05-17T00:12:16.525Z  INFO 1198460 --- [SB] [restartedMain] com.zaxxer.hikari.HikariDataSource       : HikariPool-9 - Start completed.
2026-05-17T00:12:16.527Z  WARN 1198460 --- [SB] [restartedMain] org.hibernate.orm.deprecation            : HHH90000025: H2Dialect does not need to be specified explicitly using 'hibernate.dialect' (remove the property setting and it will be selected by default)
2026-05-17T00:12:16.530Z  INFO 1198460 --- [SB] [restartedMain] org.hibernate.orm.connections.pooling    : HHH10001005: Database info:
	Database JDBC URL [Connecting through datasource 'HikariDataSource (HikariPool-9)']
	Database driver: undefined/unknown
	Database version: 2.3.232
	Autocommit mode: undefined/unknown
	Isolation level: undefined/unknown
	Minimum pool size: undefined/unknown
	Maximum pool size: undefined/unknown
2026-05-17T00:12:16.872Z  INFO 1198460 --- [SB] [restartedMain] o.h.e.t.j.p.i.JtaPlatformInitiator       : HHH000489: No JTA platform available (set 'hibernate.transaction.jta.platform' to enable JTA platform integration)
2026-05-17T00:12:16.908Z  INFO 1198460 --- [SB] [restartedMain] j.LocalContainerEntityManagerFactoryBean : Initialized JPA EntityManagerFactory for persistence unit 'default'
2026-05-17T00:12:16.992Z  INFO 1198460 --- [SB] [restartedMain] o.s.b.a.w.s.WelcomePageHandlerMapping    : Adding welcome page template: index
2026-05-17T00:12:17.204Z  WARN 1198460 --- [SB] [restartedMain] .s.s.UserDetailsServiceAutoConfiguration :

Using generated security password: aac283dd-29d4-47d3-a8f8-91c612b78d82

This generated password is for development use only. Your security configuration must be updated before running your application in production.

2026-05-17T00:12:17.205Z  INFO 1198460 --- [SB] [restartedMain] r$InitializeUserDetailsManagerConfigurer : Global AuthenticationManager configured with UserDetailsService bean with name inMemoryUserDetailsManager
2026-05-17T00:12:17.228Z  INFO 1198460 --- [SB] [restartedMain] o.s.b.a.e.web.EndpointLinksResolver      : Exposing 1 endpoint beneath base path '/actuator'
2026-05-17T00:12:17.437Z  INFO 1198460 --- [SB] [restartedMain] o.s.b.a.h2.H2ConsoleAutoConfiguration    : H2 console available at '/h2-console'. Database available at 'jdbc:h2:mem:devdb'
2026-05-17T00:12:17.466Z  INFO 1198460 --- [SB] [restartedMain] o.s.b.d.a.OptionalLiveReloadServer       : LiveReload server is running on port 35729
2026-05-17T00:12:17.490Z  INFO 1198460 --- [SB] [restartedMain] o.s.b.w.embedded.tomcat.TomcatWebServer  : Tomcat started on port 8080 (http) with context path '/'
2026-05-17T00:12:17.500Z  INFO 1198460 --- [SB] [restartedMain] dev.mr3.sb.SbApplication                 : Started SbApplication in 1.801 seconds (process running for 1644.921)
2026-05-17T00:12:17.502Z  INFO 1198460 --- [SB] [restartedMain] .ConditionEvaluationDeltaLoggingListener : Condition evaluation delta:


==========================
CONDITION EVALUATION DELTA
==========================


Positive matches:
-----------------

   ManagementWebSecurityAutoConfiguration matched:
      - found 'session' scope (OnWebApplicationCondition)
      - AllNestedConditions 2 matched 0 did not; NestedCondition on DefaultWebSecurityCondition.Beans @ConditionalOnMissingBean (types: org.springframework.security.web.SecurityFilterChain; SearchStrategy: all) did not find any beans; NestedCondition on DefaultWebSecurityCondition.Classes @ConditionalOnClass found required classes 'org.springframework.security.web.SecurityFilterChain', 'org.springframework.security.config.annotation.web.builders.HttpSecurity' (DefaultWebSecurityCondition)

   SpringBootWebSecurityConfiguration.WebSecurityEnablerConfiguration matched:
      - @ConditionalOnClass found required class 'org.springframework.security.config.annotation.web.configuration.EnableWebSecurity' (OnClassCondition)
      - @ConditionalOnMissingBean (names: springSecurityFilterChain; SearchStrategy: all) did not find any beans (OnBeanCondition)


Negative matches:
-----------------

    None


Exclusions:
-----------

    None


Unconditional classes:
----------------------

    None
